# JRE version: Java(TM) SE Runtime Environment (7.0_79-b15) (build 1.7.0_79-b15)
# Java VM: Java HotSpot(TM) 64-Bit Server VM (24.79-b02 mixed mode windows-amd64 compressed oops)
Heap
 PSYoungGen      total 61952K, used 54652K [0x00000000eaa80000, 0x00000000ef280000, 0x0000000100000000)
  eden space 52224K, 88% used [0x00000000eaa80000,0x00000000ed763f38,0x00000000edd80000)
  from space 9728K, 89% used [0x00000000ee900000,0x00000000ef17b498,0x00000000ef280000)
  to   space 10752K, 0% used [0x00000000edd80000,0x00000000edd80000,0x00000000ee800000)
 ParOldGen       total 42496K, used 33792K [0x00000000c0000000, 0x00000000c2980000, 0x00000000eaa80000)
  object space 42496K, 79% used [0x00000000c0000000,0x00000000c21001f8,0x00000000c2980000)
 PSPermGen       total 48128K, used 48099K [0x00000000b0000000, 0x00000000b2f00000, 0x00000000c0000000)
  object space 48128K, 99% used [0x00000000b0000000,0x00000000b2ef8cf0,0x00000000b2f00000)
GC Heap History (10 events):
Event: 48.517 GC heap before
{Heap before GC invocations=10 (full 0):
 PSYoungGen      total 68608K, used 68458K [0x00000000eaa80000, 0x00000000ef880000, 0x0000000100000000)
  eden space 62464K, 100% used [0x00000000eaa80000,0x00000000ee780000,0x00000000ee780000)
  from space 6144K, 97% used [0x00000000eea00000,0x00000000eefda8c0,0x00000000ef000000)
  to   space 8704K, 0% used [0x00000000ef000000,0x00000000ef000000,0x00000000ef880000)
 ParOldGen       total 42496K, used 11606K [0x00000000c0000000, 0x00000000c2980000, 0x00000000eaa80000)
  object space 42496K, 27% used [0x00000000c0000000,0x00000000c0b55ab0,0x00000000c2980000)
 PSPermGen       total 30208K, used 29782K [0x00000000b0000000, 0x00000000b1d80000, 0x00000000c0000000)
  object space 30208K, 98% used [0x00000000b0000000,0x00000000b1d159f0,0x00000000b1d80000)
Event: 48.566 GC heap after
Heap after GC invocations=10 (full 0):
 PSYoungGen      total 68096K, used 6343K [0x00000000eaa80000, 0x00000000ef780000, 0x0000000100000000)
  eden space 60416K, 0% used [0x00000000eaa80000,0x00000000eaa80000,0x00000000ee580000)
  from space 7680K, 82% used [0x00000000ef000000,0x00000000ef631f08,0x00000000ef780000)
  to   space 9216K, 0% used [0x00000000ee580000,0x00000000ee580000,0x00000000eee80000)
 ParOldGen       total 42496K, used 14567K [0x00000000c0000000, 0x00000000c2980000, 0x00000000eaa80000)
  object space 42496K, 34% used [0x00000000c0000000,0x00000000c0e39ed0,0x00000000c2980000)
 PSPermGen       total 30208K, used 29782K [0x00000000b0000000, 0x00000000b1d80000, 0x00000000c0000000)
  object space 30208K, 98% used [0x00000000b0000000,0x00000000b1d159f0,0x00000000b1d80000)
}
Event: 54.480 GC heap before
{Heap before GC invocations=11 (full 0):
 PSYoungGen      total 68096K, used 66759K [0x00000000eaa80000, 0x00000000ef780000, 0x0000000100000000)
  eden space 60416K, 100% used [0x00000000eaa80000,0x00000000ee580000,0x00000000ee580000)
  from space 7680K, 82% used [0x00000000ef000000,0x00000000ef631f08,0x00000000ef780000)
  to   space 9216K, 0% used [0x00000000ee580000,0x00000000ee580000,0x00000000eee80000)
 ParOldGen       total 42496K, used 14567K [0x00000000c0000000, 0x00000000c2980000, 0x00000000eaa80000)
  object space 42496K, 34% used [0x00000000c0000000,0x00000000c0e39ed0,0x00000000c2980000)
 PSPermGen       total 33280K, used 32886K [0x00000000b0000000, 0x00000000b2080000, 0x00000000c0000000)
  object space 33280K, 98% used [0x00000000b0000000,0x00000000b201da18,0x00000000b2080000)
Event: 54.513 GC heap after
Heap after GC invocations=11 (full 0):
 PSYoungGen      total 66560K, used 8005K [0x00000000eaa80000, 0x00000000ef680000, 0x0000000100000000)
  eden space 58368K, 0% used [0x00000000eaa80000,0x00000000eaa80000,0x00000000ee380000)
  from space 8192K, 97% used [0x00000000ee580000,0x00000000eed51708,0x00000000eed80000)
  to   space 9216K, 0% used [0x00000000eed80000,0x00000000eed80000,0x00000000ef680000)
 ParOldGen       total 42496K, used 17999K [0x00000000c0000000, 0x00000000c2980000, 0x00000000eaa80000)
  object space 42496K, 42% used [0x00000000c0000000,0x00000000c1193f50,0x00000000c2980000)
 PSPermGen       total 33280K, used 32886K [0x00000000b0000000, 0x00000000b2080000, 0x00000000c0000000)
  object space 33280K, 98% used [0x00000000b0000000,0x00000000b201da18,0x00000000b2080000)
}
Event: 87.937 GC heap before
{Heap before GC invocations=12 (full 0):
 PSYoungGen      total 66560K, used 66373K [0x00000000eaa80000, 0x00000000ef680000, 0x0000000100000000)
  eden space 58368K, 100% used [0x00000000eaa80000,0x00000000ee380000,0x00000000ee380000)
  from space 8192K, 97% used [0x00000000ee580000,0x00000000eed51708,0x00000000eed80000)
  to   space 9216K, 0% used [0x00000000eed80000,0x00000000eed80000,0x00000000ef680000)
 ParOldGen       total 42496K, used 17999K [0x00000000c0000000, 0x00000000c2980000, 0x00000000eaa80000)
  object space 42496K, 42% used [0x00000000c0000000,0x00000000c1193f50,0x00000000c2980000)
 PSPermGen       total 39424K, used 39060K [0x00000000b0000000, 0x00000000b2680000, 0x00000000c0000000)
  object space 39424K, 99% used [0x00000000b0000000,0x00000000b26253b8,0x00000000b2680000)
Event: 88.038 GC heap after
Heap after GC invocations=12 (full 0):
 PSYoungGen      total 63488K, used 7039K [0x00000000eaa80000, 0x00000000ef480000, 0x0000000100000000)
  eden space 56320K, 0% used [0x00000000eaa80000,0x00000000eaa80000,0x00000000ee180000)
  from space 7168K, 98% used [0x00000000eed80000,0x00000000ef45fd08,0x00000000ef480000)
  to   space 9728K, 0% used [0x00000000ee180000,0x00000000ee180000,0x00000000eeb00000)
 ParOldGen       total 42496K, used 24146K [0x00000000c0000000, 0x00000000c2980000, 0x00000000eaa80000)
  object space 42496K, 56% used [0x00000000c0000000,0x00000000c1794a08,0x00000000c2980000)
 PSPermGen       total 39424K, used 39060K [0x00000000b0000000, 0x00000000b2680000, 0x00000000c0000000)
  object space 39424K, 99% used [0x00000000b0000000,0x00000000b26253b8,0x00000000b2680000)
}
Event: 92.322 GC heap before
{Heap before GC invocations=13 (full 0):
 PSYoungGen      total 63488K, used 63359K [0x00000000eaa80000, 0x00000000ef480000, 0x0000000100000000)
  eden space 56320K, 100% used [0x00000000eaa80000,0x00000000ee180000,0x00000000ee180000)
  from space 7168K, 98% used [0x00000000eed80000,0x00000000ef45fd08,0x00000000ef480000)
  to   space 9728K, 0% used [0x00000000ee180000,0x00000000ee180000,0x00000000eeb00000)
 ParOldGen       total 42496K, used 24146K [0x00000000c0000000, 0x00000000c2980000, 0x00000000eaa80000)
  object space 42496K, 56% used [0x00000000c0000000,0x00000000c1794a08,0x00000000c2980000)
 PSPermGen       total 41472K, used 41395K [0x00000000b0000000, 0x00000000b2880000, 0x00000000c0000000)
  object space 41472K, 99% used [0x00000000b0000000,0x00000000b286cf30,0x00000000b2880000)
Event: 92.351 GC heap after
Heap after GC invocations=13 (full 0):
 PSYoungGen      total 60928K, used 6421K [0x00000000eaa80000, 0x00000000ef280000, 0x0000000100000000)
  eden space 54272K, 0% used [0x00000000eaa80000,0x00000000eaa80000,0x00000000edf80000)
  from space 6656K, 96% used [0x00000000ee180000,0x00000000ee7c57f0,0x00000000ee800000)
  to   space 9728K, 0% used [0x00000000ee900000,0x00000000ee900000,0x00000000ef280000)
 ParOldGen       total 42496K, used 28532K [0x00000000c0000000, 0x00000000c2980000, 0x00000000eaa80000)
  object space 42496K, 67% used [0x00000000c0000000,0x00000000c1bdd168,0x00000000c2980000)
 PSPermGen       total 41472K, used 41395K [0x00000000b0000000, 0x00000000b2880000, 0x00000000c0000000)
  object space 41472K, 99% used [0x00000000b0000000,0x00000000b286cf30,0x00000000b2880000)
}
Event: 104.666 GC heap before
{Heap before GC invocations=14 (full 0):
 PSYoungGen      total 60928K, used 60693K [0x00000000eaa80000, 0x00000000ef280000, 0x0000000100000000)
  eden space 54272K, 100% used [0x00000000eaa80000,0x00000000edf80000,0x00000000edf80000)
  from space 6656K, 96% used [0x00000000ee180000,0x00000000ee7c57f0,0x00000000ee800000)
  to   space 9728K, 0% used [0x00000000ee900000,0x00000000ee900000,0x00000000ef280000)
 ParOldGen       total 42496K, used 28532K [0x00000000c0000000, 0x00000000c2980000, 0x00000000eaa80000)
  object space 42496K, 67% used [0x00000000c0000000,0x00000000c1bdd168,0x00000000c2980000)
 PSPermGen       total 43520K, used 43303K [0x00000000b0000000, 0x00000000b2a80000, 0x00000000c0000000)
  object space 43520K, 99% used [0x00000000b0000000,0x00000000b2a49da8,0x00000000b2a80000)
Event: 104.724 GC heap after
Heap after GC invocations=14 (full 0):
 PSYoungGen      total 61952K, used 8685K [0x00000000eaa80000, 0x00000000ef280000, 0x0000000100000000)
  eden space 52224K, 0% used [0x00000000eaa80000,0x00000000eaa80000,0x00000000edd80000)
  from space 9728K, 89% used [0x00000000ee900000,0x00000000ef17b498,0x00000000ef280000)
  to   space 10752K, 0% used [0x00000000edd80000,0x00000000edd80000,0x00000000ee800000)
 ParOldGen       total 42496K, used 33792K [0x00000000c0000000, 0x00000000c2980000, 0x00000000eaa80000)
  object space 42496K, 79% used [0x00000000c0000000,0x00000000c21001f8,0x00000000c2980000)
 PSPermGen       total 43520K, used 43303K [0x00000000b0000000, 0x00000000b2a80000, 0x00000000c0000000)
  object space 43520K, 99% used [0x00000000b0000000,0x00000000b2a49da8,0x00000000b2a80000)
}

